<?xml version="1.0" encoding="utf-8"?><testsuites name="pytest tests"><testsuite name="pytest" errors="0" failures="0" skipped="0" tests="200" time="0.359" timestamp="2026-09-20T04:21:25.557648+00:00" hostname="runnervmlun5p"><testcase classname="tests.test_evidence_manifest" name="test_artifact_checksums" time="0.002" /><testcase classname="tests.test_evidence_manifest" name="test_manifest_is_bound_to_checkout" time="0.000" /><testcase classname="tests.test_evidence_manifest" name="test_missing_tool_is_recorded" time="0.001" /><testcase classname="tests.test_host" name="test_host_load_readback_and_fifo" time="0.001" /><testcase classname="tests.test_host" name="test_version_and_response_errors" time="0.000" /><testcase classname="tests.test_host" name="test_cli_roundtrip_and_run" time="0.041" /><testcase classname="tests.test_host" name="test_cli_invalid_image" time="0.003" /><testcase classname="tests.test_host" name="test_shorter_load_clears_old_tail" time="0.001" /><testcase classname="tests.test_isa" name="test_hand_encoded[NOP-args0-0]" time="0.000" /><testcase classname="tests.test_isa" name="test_hand_encoded[SET-args1-1081728]" time="0.000" /><testcase classname="tests.test_isa" name="test_hand_encoded[OE-args2-2162433]" time="0.000" /><testcase classname="tests.test_isa" name="test_hand_encoded[LI-args3-3260143]" time="0.000" /><testcase classname="tests.test_isa" name="test_hand_encoded[PULL-args4-4259840]" time="0.000" /><testcase classname="tests.test_isa" name="test_hand_encoded[MOVOS-args5-5242880]" time="0.000" /><testcase classname="tests.test_isa" name="test_hand_encoded[OUT-args6-6291471]" time="0.000" /><testcase classname="tests.test_isa" name="test_hand_encoded[SAMPLE-args7-7405823]" time="0.000" /><testcase classname="tests.test_isa" name="test_hand_encoded[DELAY-args8-8388825]" time="0.000" /><testcase classname="tests.test_isa" name="test_hand_encoded[WAIT-args9-9437595]" time="0.000" /><testcase classname="tests.test_isa" name="test_hand_encoded[DJNZ-args10-10551359]" time="0.000" /><testcase classname="tests.test_isa" name="test_hand_encoded[JMP-args11-11534399]" time="0.000" /><testcase classname="tests.test_isa" name="test_hand_encoded[HALT-args12-12582912]" time="0.000" /><testcase classname="tests.test_isa" name="test_invalid_encodings[13631488]" time="0.000" /><testcase classname="tests.test_isa" name="test_invalid_encodings[14680064]" time="0.000" /><testcase classname="tests.test_isa" name="test_invalid_encodings[15728640]" time="0.000" /><testcase classname="tests.test_isa" name="test_invalid_encodings[1]" time="0.000" /><testcase classname="tests.test_isa" name="test_invalid_encodings[1114112]" time="0.000" /><testcase classname="tests.test_isa" name="test_invalid_encodings[2162688]" time="0.000" /><testcase classname="tests.test_isa" name="test_invalid_encodings[3276800]" time="0.000" /><testcase classname="tests.test_isa" name="test_invalid_encodings[4194305]" time="0.000" /><testcase classname="tests.test_isa" name="test_invalid_encodings[5242881]" time="0.000" /><testcase classname="tests.test_isa" name="test_invalid_encodings[6291472]" time="0.000" /><testcase classname="tests.test_isa" name="test_invalid_encodings[7340288]" time="0.000" /><testcase classname="tests.test_isa" name="test_invalid_encodings[8454144]" time="0.000" /><testcase classname="tests.test_isa" name="test_invalid_encodings[8388608]" time="0.000" /><testcase classname="tests.test_isa" name="test_invalid_encodings[9437199]" time="0.000" /><testcase classname="tests.test_isa" name="test_invalid_encodings[10485824]" time="0.000" /><testcase classname="tests.test_isa" name="test_invalid_encodings[11534400]" time="0.000" /><testcase classname="tests.test_isa" name="test_invalid_encodings[12582913]" time="0.000" /><testcase classname="tests.test_isa" name="test_invalid_encodings[-1]" time="0.000" /><testcase classname="tests.test_isa" name="test_invalid_encodings[16777216]" time="0.000" /><testcase classname="tests.test_isa" name="test_invalid_source[]" time="0.000" /><testcase classname="tests.test_isa" name="test_invalid_source[BAD]" time="0.000" /><testcase classname="tests.test_isa" name="test_invalid_source[NOP 1]" time="0.000" /><testcase classname="tests.test_isa" name="test_invalid_source[OUT 8, 0]" time="0.000" /><testcase classname="tests.test_isa" name="test_invalid_source[LI 2, 0]" time="0.000" /><testcase classname="tests.test_isa" name="test_invalid_source[DELAY 0]" time="0.000" /><testcase classname="tests.test_isa" name="test_invalid_source[WAIT 0, 0, 0]" time="0.000" /><testcase classname="tests.test_isa" name="test_invalid_source[JMP 64]" time="0.000" /><testcase classname="tests.test_isa" name="test_invalid_source[JMP nowhere]" time="0.000" /><testcase classname="tests.test_isa" name="test_invalid_source[a: NOP\na: HALT]" time="0.000" /><testcase classname="tests.test_isa" name="test_invalid_source[SET 1]" time="0.000" /><testcase classname="tests.test_isa" name="test_invalid_source[NOP\nNOP\nNOP\nNOP\nNOP\nNOP\nNOP\nNOP\nNOP\nNOP\nNOP\nNOP\nNOP\nNOP\nNOP\nNOP\nNOP\nNOP\nNOP\nNOP\nNOP\nNOP\nNOP\nNOP\nNOP\nNOP\nNOP\nNOP\nNOP\nNOP\nNOP\nNOP\nNOP\nNOP\nNOP\nNOP\nNOP\nNOP\nNOP\nNOP\nNOP\nNOP\nNOP\nNOP\nNOP\nNOP\nNOP\nNOP\nNOP\nNOP\nNOP\nNOP\nNOP\nNOP\nNOP\nNOP\nNOP\nNOP\nNOP\nNOP\nNOP\nNOP\nNOP\nNOP\nNOP\n]" time="0.000" /><testcase classname="tests.test_isa" name="test_roundtrip_random_legal_words" time="0.013" /><testcase classname="tests.test_isa" name="test_images_and_labels" time="0.000" /><testcase classname="tests.test_isa" name="test_uart_fits[25]" time="0.000" /><testcase classname="tests.test_isa" name="test_uart_fits[217]" time="0.000" /><testcase classname="tests.test_local_flow" name="test_config_matches_pinned_support_tools" time="0.000" /><testcase classname="tests.test_local_flow" name="test_config_rejects_unsupported_inputs[language-VHDL]" time="0.000" /><testcase classname="tests.test_local_flow" name="test_config_rejects_unsupported_inputs[tiles-8x4]" time="0.000" /><testcase classname="tests.test_local_flow" name="test_config_rejects_unsupported_inputs[clock_hz-50000000]" time="0.000" /><testcase classname="tests.test_local_flow" name="test_config_rejects_unsupported_inputs[source_files-value3]" time="0.000" /><testcase classname="tests.test_local_flow" name="test_config_rejects_unsupported_inputs[source_files-value4]" time="0.000" /><testcase classname="tests.test_local_flow" name="test_config_rejects_unsupported_inputs[source_files-value5]" time="0.000" /><testcase classname="tests.test_local_flow" name="test_config_rejects_unsupported_inputs[source_files-value6]" time="0.000" /><testcase classname="tests.test_local_flow" name="test_dependency_must_match_clean_pinned_revision[wrong-]" time="0.000" /><testcase classname="tests.test_local_flow" name="test_dependency_must_match_clean_pinned_revision[2bbec755dc67ca3db0261c3d6163e15735d66710- M config.tcl]" time="0.000" /><testcase classname="tests.test_local_flow" name="test_routed_diagnostic_accepts_complete_clean_metrics" time="0.001" /><testcase classname="tests.test_local_flow" name="test_routed_diagnostic_rejects_invalid_electrical_metrics[None]" time="0.001" /><testcase classname="tests.test_local_flow" name="test_routed_diagnostic_rejects_invalid_electrical_metrics[True]" time="0.001" /><testcase classname="tests.test_local_flow" name="test_routed_diagnostic_rejects_invalid_electrical_metrics[0]" time="0.001" /><testcase classname="tests.test_local_flow" name="test_routed_diagnostic_rejects_invalid_electrical_metrics[1]" time="0.001" /><testcase classname="tests.test_local_flow" name="test_routed_diagnostic_rejects_invalid_electrical_metrics[-1]" time="0.001" /><testcase classname="tests.test_local_flow" name="test_routed_diagnostic_rejects_invalid_electrical_metrics[nan]" time="0.001" /><testcase classname="tests.test_local_flow" name="test_routed_diagnostic_rejects_invalid_electrical_metrics[inf]" time="0.001" /><testcase classname="tests.test_local_flow" name="test_routed_diagnostic_rejects_missing_file" time="0.001" /><testcase classname="tests.test_local_flow" name="test_routed_diagnostic_rejects_missing_required_metrics[timing__hold__ws__corner:nom_fast_1p32V_m40C]" time="0.001" /><testcase classname="tests.test_local_flow" name="test_routed_diagnostic_rejects_missing_required_metrics[timing__setup_r2r__ws__corner:nom_slow_1p08V_125C]" time="0.001" /><testcase classname="tests.test_local_flow" name="test_routed_diagnostic_rejects_missing_required_metrics[route__drc_errors]" time="0.001" /><testcase classname="tests.test_local_flow" name="test_inside_sets_tool_threads_and_stops_route_before_layout_checks" time="0.001" /><testcase classname="tests.test_model" name="test_delays_and_loops" time="0.000" /><testcase classname="tests.test_model" name="test_wait_match_on_last_cycle" time="0.000" /><testcase classname="tests.test_model" name="test_fifo_boundary_and_busy" time="0.000" /><testcase classname="tests.test_model" name="test_fatal_safety_and_unwritten" time="0.000" /><testcase classname="tests.test_model" name="test_uart_exact_pin_schedule[25]" time="0.002" /><testcase classname="tests.test_model" name="test_uart_exact_pin_schedule[217]" time="0.010" /><testcase classname="tests.test_physical_config" name="test_pinned_nominal_rc_values_populate_routed_resizer_tables" time="0.000" /><testcase classname="tests.test_physical_gate" name="test_complete_evidence" time="0.001" /><testcase classname="tests.test_physical_gate" name="test_incomplete_or_failed_evidence[missing]" time="0.001" /><testcase classname="tests.test_physical_gate" name="test_incomplete_or_failed_evidence[negative]" time="0.001" /><testcase classname="tests.test_physical_gate" name="test_incomplete_or_failed_evidence[sentinel]" time="0.001" /><testcase classname="tests.test_physical_gate" name="test_incomplete_or_failed_evidence[corner]" time="0.001" /><testcase classname="tests.test_physical_gate" name="test_incomplete_or_failed_evidence[drc]" time="0.001" /><testcase classname="tests.test_physical_gate" name="test_incomplete_or_failed_evidence[xml]" time="0.001" /><testcase classname="tests.test_physical_gate" name="test_incomplete_or_failed_evidence[skip]" time="0.001" /><testcase classname="tests.test_physical_gate" name="test_incomplete_or_failed_evidence[area]" time="0.001" /><testcase classname="tests.test_physical_gate" name="test_electrical_metrics_fail_closed[None-None-slew]" time="0.001" /><testcase classname="tests.test_physical_gate" name="test_electrical_metrics_fail_closed[None-None-fanout]" time="0.001" /><testcase classname="tests.test_physical_gate" name="test_electrical_metrics_fail_closed[None-None-cap]" time="0.001" /><testcase classname="tests.test_physical_gate" name="test_electrical_metrics_fail_closed[None-nom_fast_1p32V_m40C-slew]" time="0.001" /><testcase classname="tests.test_physical_gate" name="test_electrical_metrics_fail_closed[None-nom_fast_1p32V_m40C-fanout]" time="0.001" /><testcase classname="tests.test_physical_gate" name="test_electrical_metrics_fail_closed[None-nom_fast_1p32V_m40C-cap]" time="0.001" /><testcase classname="tests.test_physical_gate" name="test_electrical_metrics_fail_closed[None-nom_slow_1p08V_125C-slew]" time="0.001" /><testcase classname="tests.test_physical_gate" name="test_electrical_metrics_fail_closed[None-nom_slow_1p08V_125C-fanout]" time="0.001" /><testcase classname="tests.test_physical_gate" name="test_electrical_metrics_fail_closed[None-nom_slow_1p08V_125C-cap]" time="0.001" /><testcase classname="tests.test_physical_gate" name="test_electrical_metrics_fail_closed[None-nom_typ_1p20V_25C-slew]" time="0.001" /><testcase classname="tests.test_physical_gate" name="test_electrical_metrics_fail_closed[None-nom_typ_1p20V_25C-fanout]" time="0.001" /><testcase classname="tests.test_physical_gate" name="test_electrical_metrics_fail_closed[None-nom_typ_1p20V_25C-cap]" time="0.001" /><testcase classname="tests.test_physical_gate" name="test_electrical_metrics_fail_closed[1-None-slew]" time="0.001" /><testcase classname="tests.test_physical_gate" name="test_electrical_metrics_fail_closed[1-None-fanout]" time="0.001" /><testcase classname="tests.test_physical_gate" name="test_electrical_metrics_fail_closed[1-None-cap]" time="0.002" /><testcase classname="tests.test_physical_gate" name="test_electrical_metrics_fail_closed[1-nom_fast_1p32V_m40C-slew]" time="0.001" /><testcase classname="tests.test_physical_gate" name="test_electrical_metrics_fail_closed[1-nom_fast_1p32V_m40C-fanout]" time="0.001" /><testcase classname="tests.test_physical_gate" name="test_electrical_metrics_fail_closed[1-nom_fast_1p32V_m40C-cap]" time="0.001" /><testcase classname="tests.test_physical_gate" name="test_electrical_metrics_fail_closed[1-nom_slow_1p08V_125C-slew]" time="0.001" /><testcase classname="tests.test_physical_gate" name="test_electrical_metrics_fail_closed[1-nom_slow_1p08V_125C-fanout]" time="0.001" /><testcase classname="tests.test_physical_gate" name="test_electrical_metrics_fail_closed[1-nom_slow_1p08V_125C-cap]" time="0.001" /><testcase classname="tests.test_physical_gate" name="test_electrical_metrics_fail_closed[1-nom_typ_1p20V_25C-slew]" time="0.001" /><testcase classname="tests.test_physical_gate" name="test_electrical_metrics_fail_closed[1-nom_typ_1p20V_25C-fanout]" time="0.001" /><testcase classname="tests.test_physical_gate" name="test_electrical_metrics_fail_closed[1-nom_typ_1p20V_25C-cap]" time="0.001" /><testcase classname="tests.test_physical_gate" name="test_electrical_metrics_fail_closed[-1-None-slew]" time="0.001" /><testcase classname="tests.test_physical_gate" name="test_electrical_metrics_fail_closed[-1-None-fanout]" time="0.001" /><testcase classname="tests.test_physical_gate" name="test_electrical_metrics_fail_closed[-1-None-cap]" time="0.001" /><testcase classname="tests.test_physical_gate" name="test_electrical_metrics_fail_closed[-1-nom_fast_1p32V_m40C-slew]" time="0.001" /><testcase classname="tests.test_physical_gate" name="test_electrical_metrics_fail_closed[-1-nom_fast_1p32V_m40C-fanout]" time="0.001" /><testcase classname="tests.test_physical_gate" name="test_electrical_metrics_fail_closed[-1-nom_fast_1p32V_m40C-cap]" time="0.001" /><testcase classname="tests.test_physical_gate" name="test_electrical_metrics_fail_closed[-1-nom_slow_1p08V_125C-slew]" time="0.001" /><testcase classname="tests.test_physical_gate" name="test_electrical_metrics_fail_closed[-1-nom_slow_1p08V_125C-fanout]" time="0.001" /><testcase classname="tests.test_physical_gate" name="test_electrical_metrics_fail_closed[-1-nom_slow_1p08V_125C-cap]" time="0.001" /><testcase classname="tests.test_physical_gate" name="test_electrical_metrics_fail_closed[-1-nom_typ_1p20V_25C-slew]" time="0.001" /><testcase classname="tests.test_physical_gate" name="test_electrical_metrics_fail_closed[-1-nom_typ_1p20V_25C-fanout]" time="0.001" /><testcase classname="tests.test_physical_gate" name="test_electrical_metrics_fail_closed[-1-nom_typ_1p20V_25C-cap]" time="0.001" /><testcase classname="tests.test_physical_gate" name="test_electrical_metrics_fail_closed[True-None-slew]" time="0.001" /><testcase classname="tests.test_physical_gate" name="test_electrical_metrics_fail_closed[True-None-fanout]" time="0.001" /><testcase classname="tests.test_physical_gate" name="test_electrical_metrics_fail_closed[True-None-cap]" time="0.001" /><testcase classname="tests.test_physical_gate" name="test_electrical_metrics_fail_closed[True-nom_fast_1p32V_m40C-slew]" time="0.001" /><testcase classname="tests.test_physical_gate" name="test_electrical_metrics_fail_closed[True-nom_fast_1p32V_m40C-fanout]" time="0.001" /><testcase classname="tests.test_physical_gate" name="test_electrical_metrics_fail_closed[True-nom_fast_1p32V_m40C-cap]" time="0.001" /><testcase classname="tests.test_physical_gate" name="test_electrical_metrics_fail_closed[True-nom_slow_1p08V_125C-slew]" time="0.001" /><testcase classname="tests.test_physical_gate" name="test_electrical_metrics_fail_closed[True-nom_slow_1p08V_125C-fanout]" time="0.001" /><testcase classname="tests.test_physical_gate" name="test_electrical_metrics_fail_closed[True-nom_slow_1p08V_125C-cap]" time="0.001" /><testcase classname="tests.test_physical_gate" name="test_electrical_metrics_fail_closed[True-nom_typ_1p20V_25C-slew]" time="0.001" /><testcase classname="tests.test_physical_gate" name="test_electrical_metrics_fail_closed[True-nom_typ_1p20V_25C-fanout]" time="0.001" /><testcase classname="tests.test_physical_gate" name="test_electrical_metrics_fail_closed[True-nom_typ_1p20V_25C-cap]" time="0.001" /><testcase classname="tests.test_physical_gate" name="test_electrical_metrics_fail_closed[0-None-slew]" time="0.001" /><testcase classname="tests.test_physical_gate" name="test_electrical_metrics_fail_closed[0-None-fanout]" time="0.001" /><testcase classname="tests.test_physical_gate" name="test_electrical_metrics_fail_closed[0-None-cap]" time="0.001" /><testcase classname="tests.test_physical_gate" name="test_electrical_metrics_fail_closed[0-nom_fast_1p32V_m40C-slew]" time="0.001" /><testcase classname="tests.test_physical_gate" name="test_electrical_metrics_fail_closed[0-nom_fast_1p32V_m40C-fanout]" time="0.001" /><testcase classname="tests.test_physical_gate" name="test_electrical_metrics_fail_closed[0-nom_fast_1p32V_m40C-cap]" time="0.001" /><testcase classname="tests.test_physical_gate" name="test_electrical_metrics_fail_closed[0-nom_slow_1p08V_125C-slew]" time="0.001" /><testcase classname="tests.test_physical_gate" name="test_electrical_metrics_fail_closed[0-nom_slow_1p08V_125C-fanout]" time="0.001" /><testcase classname="tests.test_physical_gate" name="test_electrical_metrics_fail_closed[0-nom_slow_1p08V_125C-cap]" time="0.001" /><testcase classname="tests.test_physical_gate" name="test_electrical_metrics_fail_closed[0-nom_typ_1p20V_25C-slew]" time="0.001" /><testcase classname="tests.test_physical_gate" name="test_electrical_metrics_fail_closed[0-nom_typ_1p20V_25C-fanout]" time="0.001" /><testcase classname="tests.test_physical_gate" name="test_electrical_metrics_fail_closed[0-nom_typ_1p20V_25C-cap]" time="0.001" /><testcase classname="tests.test_physical_gate" name="test_electrical_metrics_fail_closed[nan-None-slew]" time="0.001" /><testcase classname="tests.test_physical_gate" name="test_electrical_metrics_fail_closed[nan-None-fanout]" time="0.001" /><testcase classname="tests.test_physical_gate" name="test_electrical_metrics_fail_closed[nan-None-cap]" time="0.001" /><testcase classname="tests.test_physical_gate" name="test_electrical_metrics_fail_closed[nan-nom_fast_1p32V_m40C-slew]" time="0.001" /><testcase classname="tests.test_physical_gate" name="test_electrical_metrics_fail_closed[nan-nom_fast_1p32V_m40C-fanout]" time="0.001" /><testcase classname="tests.test_physical_gate" name="test_electrical_metrics_fail_closed[nan-nom_fast_1p32V_m40C-cap]" time="0.001" /><testcase classname="tests.test_physical_gate" name="test_electrical_metrics_fail_closed[nan-nom_slow_1p08V_125C-slew]" time="0.001" /><testcase classname="tests.test_physical_gate" name="test_electrical_metrics_fail_closed[nan-nom_slow_1p08V_125C-fanout]" time="0.001" /><testcase classname="tests.test_physical_gate" name="test_electrical_metrics_fail_closed[nan-nom_slow_1p08V_125C-cap]" time="0.001" /><testcase classname="tests.test_physical_gate" name="test_electrical_metrics_fail_closed[nan-nom_typ_1p20V_25C-slew]" time="0.001" /><testcase classname="tests.test_physical_gate" name="test_electrical_metrics_fail_closed[nan-nom_typ_1p20V_25C-fanout]" time="0.001" /><testcase classname="tests.test_physical_gate" name="test_electrical_metrics_fail_closed[nan-nom_typ_1p20V_25C-cap]" time="0.001" /><testcase classname="tests.test_physical_gate" name="test_electrical_metrics_fail_closed[inf-None-slew]" time="0.001" /><testcase classname="tests.test_physical_gate" name="test_electrical_metrics_fail_closed[inf-None-fanout]" time="0.001" /><testcase classname="tests.test_physical_gate" name="test_electrical_metrics_fail_closed[inf-None-cap]" time="0.001" /><testcase classname="tests.test_physical_gate" name="test_electrical_metrics_fail_closed[inf-nom_fast_1p32V_m40C-slew]" time="0.001" /><testcase classname="tests.test_physical_gate" name="test_electrical_metrics_fail_closed[inf-nom_fast_1p32V_m40C-fanout]" time="0.001" /><testcase classname="tests.test_physical_gate" name="test_electrical_metrics_fail_closed[inf-nom_fast_1p32V_m40C-cap]" time="0.001" /><testcase classname="tests.test_physical_gate" name="test_electrical_metrics_fail_closed[inf-nom_slow_1p08V_125C-slew]" time="0.001" /><testcase classname="tests.test_physical_gate" name="test_electrical_metrics_fail_closed[inf-nom_slow_1p08V_125C-fanout]" time="0.001" /><testcase classname="tests.test_physical_gate" name="test_electrical_metrics_fail_closed[inf-nom_slow_1p08V_125C-cap]" time="0.001" /><testcase classname="tests.test_physical_gate" name="test_electrical_metrics_fail_closed[inf-nom_typ_1p20V_25C-slew]" time="0.001" /><testcase classname="tests.test_physical_gate" name="test_electrical_metrics_fail_closed[inf-nom_typ_1p20V_25C-fanout]" time="0.001" /><testcase classname="tests.test_physical_gate" name="test_electrical_metrics_fail_closed[inf-nom_typ_1p20V_25C-cap]" time="0.001" /><testcase classname="tests.test_physical_gate" name="test_release_contract_is_not_weakened[footprint]" time="0.001" /><testcase classname="tests.test_physical_gate" name="test_release_contract_is_not_weakened[period]" time="0.001" /><testcase classname="tests.test_physical_gate" name="test_release_contract_is_not_weakened[r2r_count]" time="0.001" /><testcase classname="tests.test_physical_gate" name="test_release_contract_is_not_weakened[missing_r2r]" time="0.001" /><testcase classname="tests.test_physical_gate" name="test_release_contract_is_not_weakened[too_few_prechecks]" time="0.001" /><testcase classname="tests.test_physical_gate" name="test_release_contract_is_not_weakened[wrong_suites]" time="0.001" /><testcase classname="tests.test_physical_gate" name="test_release_contract_is_not_weakened[duplicate_suite]" time="0.001" /><testcase classname="tests.test_physical_gate" name="test_same_revision_required" time="0.000" /><testcase classname="tests.test_physical_gate" name="test_reject_substituted_artifact" time="0.001" /><testcase classname="tests.test_physical_gate" name="test_antenna_and_parasitic_evidence[False-antenna__violating__nets]" time="0.001" /><testcase classname="tests.test_physical_gate" name="test_antenna_and_parasitic_evidence[False-antenna__violating__pins]" time="0.001" /><testcase classname="tests.test_physical_gate" name="test_antenna_and_parasitic_evidence[False-route__antenna_violation__count]" time="0.001" /><testcase classname="tests.test_physical_gate" name="test_antenna_and_parasitic_evidence[False-timing__unannotated_net_filtered__count__corner:nom_fast_1p32V_m40C]" time="0.001" /><testcase classname="tests.test_physical_gate" name="test_antenna_and_parasitic_evidence[False-timing__unannotated_net_filtered__count__corner:nom_slow_1p08V_125C]" time="0.001" /><testcase classname="tests.test_physical_gate" name="test_antenna_and_parasitic_evidence[False-timing__unannotated_net_filtered__count__corner:nom_typ_1p20V_25C]" time="0.001" /><testcase classname="tests.test_physical_gate" name="test_antenna_and_parasitic_evidence[True-antenna__violating__nets]" time="0.001" /><testcase classname="tests.test_physical_gate" name="test_antenna_and_parasitic_evidence[True-antenna__violating__pins]" time="0.001" /><testcase classname="tests.test_physical_gate" name="test_antenna_and_parasitic_evidence[True-route__antenna_violation__count]" time="0.001" /><testcase classname="tests.test_physical_gate" name="test_antenna_and_parasitic_evidence[True-timing__unannotated_net_filtered__count__corner:nom_fast_1p32V_m40C]" time="0.001" /><testcase classname="tests.test_physical_gate" name="test_antenna_and_parasitic_evidence[True-timing__unannotated_net_filtered__count__corner:nom_slow_1p08V_125C]" time="0.001" /><testcase classname="tests.test_physical_gate" name="test_antenna_and_parasitic_evidence[True-timing__unannotated_net_filtered__count__corner:nom_typ_1p20V_25C]" time="0.001" /></testsuite></testsuites>